2025-05-23 17:27 - WARNING - Error:-
2025-05-23 17:27 - WARNING - Error:-assert 'user2@gmail.com' == 'user2@gmail.om'
  
  - user2@gmail.om
  + user2@gmail.com
  ?             +
2025-05-23 17:28 - WARNING - Error:-Traceback (most recent call last):
  File "C:\Users\ganpa\OneDrive\Documents\ReverseBits\CRUD-Operation\tests\test_admin\test_register.py", line 24, in test_register_add_user_success
    assert data["email"] == "user2@gmail.om"
AssertionError: assert 'user2@gmail.com' == 'user2@gmail.om'
  
  - user2@gmail.om
  + user2@gmail.com
  ?             +

2025-05-23 17:29 - ERROR - Error:-Traceback (most recent call last):
  File "C:\Users\ganpa\OneDrive\Documents\ReverseBits\CRUD-Operation\tests\test_admin\test_register.py", line 24, in test_register_add_user_success
    assert data["email"] == "user2@gmail.om"
AssertionError: assert 'user2@gmail.com' == 'user2@gmail.om'
  
  - user2@gmail.om
  + user2@gmail.com
  ?             +

2025-05-23 17:29 - ERROR - Error:-None
2025-05-23 17:30 - ERROR - Traceback (most recent call last):
  File "C:\Users\ganpa\OneDrive\Documents\ReverseBits\CRUD-Operation\tests\test_admin\test_register.py", line 24, in test_register_add_user_success
    assert data["email"] == "user2@gmail.om"
AssertionError: assert 'user2@gmail.com' == 'user2@gmail.om'
  
  - user2@gmail.om
  + user2@gmail.com
  ?             +

